INFO:root:(1 points) WR times: Does the final plot have at least the elements in a basic plot? is y
INFO:root:(1 points) WR times: Does the final plot contain a main title, an x-label and a y-label? is y
INFO:root:(1 points) WR times: Does the final plot have the extension of line? is y
INFO:root:(1 points) WR times: Are there two vertical lines? is y
INFO:root:(1 points) WR times: Are the vertical lines grey? is y
INFO:root:(1 points) WR times: Are there text names next to the lines? is y
INFO:root:(1 points) Medals: Is the plot not too cluttered? is y
INFO:root:(1 points) Medals: Are there labels in the plot? is y
INFO:root:(1 points) Medals: Are there circles and points in the plot? is y
INFO:root:(1 points) Medals: Are there five labelled circles in the plot? is y
INFO:root:(1 points) Medals: Does the basic plot look fine? is y
INFO:root:(1 points) Map: Does the plot look good? is y
INFO:root:(2 points) Map: Are the circles of decent size? is y
INFO:root:(1 points) Map: Are the colors reasonable? is y
INFO:root:(1 points) Barplot: Did the student try both versions of the barplot? is y
INFO:root:(1 points) Barplot: Are the bars side-by-side? is y
INFO:root:(2 points) Barplot: Are the labels rotated? is y
INFO:root:(1 points) Barplot: Does the title and the plot look okay? is y
INFO:root:Executed R('load(\'../../instructor/assignments/hw2/hw2-tests.rda\')')
INFO:root:(1 points) R('all.equal(n.wr, sol$n.wr, check.attributes=F)')[0] is True
INFO:root:(1 points) R('all.equal(wr.name, sol$wr.name, check.attributes=F)')[0] is True
INFO:root:(1 points) R('all.equal(times_sec, sol$times_sec, check.attributes=F)')[0] is True
INFO:root:(1 points) R('all.equal(new_year, sol$new_year, check.attributes=F)')[0] is True
ERROR:root:(1 points) Checking R('all.equal(wr1500m, sol$wr1500m, check.attributes=F)')[0]
ERROR:root:... Expecting: True
ERROR:root:... But got:   Component “month”: 'is.NA' value mismatch: 0 in current 1 in target
INFO:root:(1 points) R('all.equal(wr_1998, sol$wr_1998, check.attributes=F)')[0] is True
ERROR:root:(1 points) Checking R('all.equal(wr_1944, sol$wr_1994, check.attributes=F)')[0]
ERROR:root:... Expecting: True
ERROR:root:... But got:   target is numeric, current is NULL
INFO:root:(1 points) R('all.equal(n.athletes, sol$n.athletes, check.attributes=F)')[0] is True
INFO:root:(1 points) R('all.equal(n.women, sol$n.women, check.attributes=F)')[0] is True
INFO:root:(1 points) R('all.equal(frac.women, sol$frac.women, check.attributes=F)')[0] is True
INFO:root:(1 points) R('all.equal(n.sports, sol$n.sports, check.attributes=F)')[0] is True
INFO:root:You got a 29 out of 31.
