INFO:root:Executed R('load(\'../../instructor/assignments/final/final-tests.rda\')')
INFO:root:(1 points) R('all.equal(x, sol$x, check.attributes=F)')[0] is True
INFO:root:(1 points) R('all.equal(length(y), 10, check.attributes=F)')[0] is True
INFO:root:(1 points) R('all.equal(y, sol$y, check.attributes=F)')[0] is True
ERROR:root:(1 points) Checking R('all.equal(z, sol$z, check.attributes=F)')[0]
ERROR:root:... Expecting: True
ERROR:root:... But got:   target is logical, current is NULL
INFO:root:(1 points) R('all.equal(v, sol$v, check.attributes=F)')[0] is True
INFO:root:(1 points) R('all.equal(w, sol$w, check.attributes=F)')[0] is True
INFO:root:(1 points) R('all.equal(m, sol$m, check.attributes=F)')[0] is True
INFO:root:(1 points) R('all.equal(cw1, sol$cw1, check.attributes=F)')[0] is True
INFO:root:(1 points) R('all.equal(cw2, sol$cw2, check.attributes=F)')[0] is True
INFO:root:(1 points) R('all.equal(cw3, sol$cw3, check.attributes=F)')[0] is True
INFO:root:(1 points) R('all.equal(cw4, sol$cw4, check.attributes=F)')[0] is True
INFO:root:(1 points) R('all.equal(class(t1), \'table\', check.attributes=F)')[0] is True
INFO:root:(1 points) R('all.equal(class(t2), \'table\', check.attributes=F)')[0] is True
INFO:root:(2 points) R('all.equal(abs(bdiff), abs(sol$bdiff), check.attributes=F)')[0] is True
INFO:root:(1 points) R('all.equal(unlist(max.rain), sol$max.rain, check.attributes=F)')[0] is True
ERROR:root:(1 points) Checking R('all.equal(class(max.rain), \'integer\', check.attributes=F)')[0]
ERROR:root:... Expecting: True
ERROR:root:... But got:   1 string mismatch
INFO:root:(3 points) R('all.equal(unlist(max.diff.rain), sol$max.diff.rain, check.attributes=F)')[0] is True
INFO:root:(2 points) R('all.equal(class(max.diff.rain), \'numeric\', check.attributes=F)')[0] is True
ERROR:root:(3 points) Checking R('all.equal(unlist(prop.rain), sol$prop.rain, check.attributes=F)')[0]
ERROR:root:... Expecting: True
ERROR:root:... But got:   Mean relative difference: 0.9998634
INFO:root:(1 points) R('all.equal(class(prop.rain), \'numeric\', check.attributes=F)')[0] is True
ERROR:root:(1 points) Checking R('sum(prop.rain)<5')[0]
ERROR:root:... Expecting: True
ERROR:root:... But got:   False
INFO:root:Executed R('set.seed(8664422); GenNorm(mean=0, sd=1, n=1000, plot.hist=TRUE)')
INFO:root:Executed R('set.seed(8664422); GenNorm.out1 <- GenNorm(mean=0, sd=1, n=1000, plot.hist=TRUE)')
INFO:root:(2 points) R('all.equal(length(GenNorm.out1), 1000, check.attributes=F)')[0] is True
INFO:root:(2 points) R('all.equal(GenNorm.out1, sol$GenNorm.out1, check.attributes=F)')[0] is True
INFO:root:Executed R('set.seed(8664422); GenNorm.out2 <- GenNorm(mean=3, sd=2, n=1000, plot.hist=FALSE)')
ERROR:root:(1 points) Checking R('all.equal(GenNorm.out2, sol$GenNorm.out2, check.attributes=F)')[0]
ERROR:root:... Expecting: True
ERROR:root:... But got:   Mean relative difference: 0.7351121
INFO:root:(1 points) R('all.equal(c(formals(GenNorm)$mean, formals(GenNorm)$sd, formals(GenNorm)$n, formals(GenNorm)$plot.hist), c(0, 1, 1000, TRUE), check.attributes=F)')[0] is True
INFO:root:Executed R('set.seed(8664422); svar.out1 <- standardizeVar(sol$m, cols=TRUE)')
ERROR:root:(2 points) Checking R('all.equal(dim(svar.out1), dim(sol$svar.out1), check.attributes=F)')[0]
ERROR:root:... Expecting: True
ERROR:root:... But got:   Mean relative difference: 0.6
ERROR:root:(2 points) Checking R('all.equal(svar.out1, sol$svar.out1, check.attributes=F)')[0]
ERROR:root:... Expecting: True
ERROR:root:... But got:   Numeric: lengths (100, 40) differ
INFO:root:Executed R('set.seed(8664422); svar.out2 <- standardizeVar(sol$m, cols=FALSE)')
ERROR:root:(2 points) Checking R('all.equal(svar.out2, sol$svar.out2, check.attributes=F)')[0]
ERROR:root:... Expecting: True
ERROR:root:... But got:   Numeric: lengths (100, 40) differ
INFO:root:Executed R('set.seed(8664422); pdiff.out <- PermDiff(cases=sol$cases, controls=sol$controls, k=sol$n.it)')
INFO:root:(4 points) R('all.equal(length(pdiff.out), sol$n.it, check.attributes=F)')[0] is True
ERROR:root:(4 points) Checking R('all.equal(pdiff.out, sol$pdiff.out, check.attributes=F)')[0]
ERROR:root:... Expecting: True
ERROR:root:... But got:   Mean relative difference: 1.436322
INFO:root:Executed R('set.seed(47)')
INFO:root:Executed R('njack.output <- NumJackpot(1000, 100)')
INFO:root:(3 points) R('all.equal(length(njack.output), 100, check.attributes=F)')[0] is True
ERROR:root:(4 points) Checking R('all.equal(max(max(njack.output), 10), 10, check.attributes=F)')[0]
ERROR:root:... Expecting: True
ERROR:root:... But got:   Mean relative difference: 0.9465241
ERROR:root:(2 points) Checking R('all.equal(text1, sol$text1, check.attributes=F)')[0]
ERROR:root:... Expecting: True
ERROR:root:... But got:   target is character, current is numeric
ERROR:root:(2 points) Checking R('all.equal(text1, sol$text1.alt, check.attributes=F)')[0]
ERROR:root:... Expecting: True
ERROR:root:... But got:   1 string mismatch
ERROR:root:(2 points) Checking R('all.equal(text2, sol$text2, check.attributes=F)')[0]
ERROR:root:... Expecting: True
ERROR:root:... But got:   target is character, current is numeric
ERROR:root:(2 points) Checking R('all.equal(text2, sol$text2.alt, check.attributes=F)')[0]
ERROR:root:... Expecting: True
ERROR:root:... But got:   3 string mismatches
ERROR:root:(3 points) Checking R('all.equal(text3, sol$text3, check.attributes=F)')[0]
ERROR:root:... Expecting: True
ERROR:root:... But got:   target is character, current is numeric
INFO:root:(3 points) R('all.equal(text3, sol$text3.alt, check.attributes=F)')[0] is True
INFO:root:(2 points) R('all.equal(text4, sol$text4, check.attributes=F)')[0] is True
ERROR:root:(2 points) Checking R('all.equal(text5, sol$text5, check.attributes=F)')[0]
ERROR:root:... Expecting: True
ERROR:root:... But got:   target is character, current is numeric
INFO:root:(2 points) R('all.equal(text5, sol$text5.alt, check.attributes=F)')[0] is True
ERROR:root:(2 points) Checking R('all.equal(phrases2, sol$phrases2, check.attributes=F)')[0]
ERROR:root:... Expecting: True
ERROR:root:... But got:   target is character, current is NULL
INFO:root:(2 points) R('all.equal(dna2, sol$dna2, check.attributes=F)')[0] is True
INFO:root:(2 points) Cars 1: Are the boxplots plotted? is y
INFO:root:(2 points) Cars 2: Is the scatterplot of qsec vs. hp correct? is y
INFO:root:(1 points) Cars 2: Does the plot have a regression line? is y
INFO:root:(1 points) Cars 3: Is the scatterplot of disp vs. wt correct? is y
INFO:root:(1 points) Cars 3: Are the plotting symbols coloured? is y
INFO:root:(1 points) Cars 3: Have the axis labels been set? is y
INFO:root:(1 points) World Bank 1: Is the scatterplot of life exp. vs fertility correct? is y
INFO:root:(1 points) World Bank 1: Is the plotting symbol . ? is y
INFO:root:(1 points) World Bank 1: Are the plotting symbols coloured? is y
INFO:root:(1 points) World Bank 1: Is there a vertical line at 2.1? is y
INFO:root:(1 points) World Bank 2: Are there 2 scatterplots of life exp. vs fertility? is y
INFO:root:(1 points) World Bank 2: Are the scatterplots for different years? is y
ERROR:root:(1 points) Checking World Bank 2: Do they have a vertical line at 2.1?
ERROR:root:... Expecting: False
ERROR:root:... But got:   n
INFO:root:(1 points) World Bank 2: Are the plotting symbols coloured? is y
INFO:root:(2 points) World Bank 3: Is the histogram correct? is y
INFO:root:(1 points) World Bank 3: Has the breaks parameter been set to something reasonable? is y
INFO:root:(1 points) World Bank 3: Have the labels been edited? is y
INFO:root:(1 points) Histogr w/apply: Does the rain plot have 6 panels? is y
INFO:root:(2 points) Histogr w/apply: Are there 5 histograms? is y
INFO:root:(3 points) Jackpot : Did NumJackpot produce histograms? is y
INFO:root:(1 points) Jackpot : Are the histograms on one page? is y
ERROR:root:(4 points) Checking Jackpot : Do the histograms look reasonable?
ERROR:root:... Expecting: False
ERROR:root:... But got:   n
INFO:root:You got a 68 out of 100.
